<?xml version="1.0" encoding="UTF-8"?>
<!-- Generated by org.testng.reporters.JUnitReportReporter -->
<testsuite hostname="EC2AMAZ-S11DBRH" failures="0" tests="2" name="testscripts.PlaceOrderTest" time="0.779" errors="0" timestamp="2023-08-23T03:46:39 GMT" skipped="0">
  <testcase classname="testscripts.PlaceOrderTest" name="searchItemTest" time="0.525"/>
  <system-out/>
  <testcase classname="testscripts.PlaceOrderTest" name="addItemTest" time="0.254"/>
  <system-out/>
</testsuite> <!-- testscripts.PlaceOrderTest -->
