<?xml version="1.0" encoding="UTF-8"?>
<!-- Generated by org.testng.reporters.JUnitReportReporter -->
<testsuite hostname="EC2AMAZ-S11DBRH" failures="0" tests="3" name="testscripts.PlaceOrderTest" time="0.882" errors="0" timestamp="2023-08-23T04:59:57 GMT" skipped="0">
  <testcase classname="testscripts.PlaceOrderTest" name="searchItemTest" time="0.509"/>
  <system-out/>
  <testcase classname="testscripts.PlaceOrderTest" name="addItemTest" time="0.249"/>
  <system-out/>
  <testcase classname="testscripts.PlaceOrderTest" name="checkoutItemTest" time="0.124"/>
  <system-out/>
</testsuite> <!-- testscripts.PlaceOrderTest -->
